[33m[nodemon] 1.18.6[39m
[33m[nodemon] to restart at any time, enter `rs`[39m
[33m[nodemon] watching: *.*[39m
[32m[nodemon] starting `node /home/changhyun/project/semo-crawler/index.js`[39m
RECURRENCE CRAWLING
RECURRENCE CRAWLING
RECURRENCE CRAWLING
RECURRENCE CRAWLING
RECURRENCE CRAWLING
RECURRENCE CRAWLING
RECURRENCE CRAWLING
RECURRENCE CRAWLING
RECURRENCE CRAWLING
RECURRENCE CRAWLING
RECURRENCE CRAWLING
RECURRENCE CRAWLING
RECURRENCE CRAWLING
RECURRENCE CRAWLING
RECURRENCE CRAWLING
RECURRENCE CRAWLING
RECURRENCE CRAWLING
RECURRENCE CRAWLING
RECURRENCE CRAWLING
RECURRENCE CRAWLING
RECURRENCE CRAWLING
RECURRENCE CRAWLING
RECURRENCE CRAWLING
RECURRENCE CRAWLING
RECURRENCE CRAWLING
RECURRENCE CRAWLING
RECURRENCE CRAWLING
RECURRENCE CRAWLING
RECURRENCE CRAWLING
RECURRENCE CRAWLING
RECURRENCE CRAWLING
RECURRENCE CRAWLING
RECURRENCE CRAWLING
RECURRENCE CRAWLING
RECURRENCE CRAWLING
RECURRENCE CRAWLING
RECURRENCE CRAWLING
RECURRENCE CRAWLING
RECURRENCE CRAWLING
RECURRENCE CRAWLING
RECURRENCE CRAWLING
RECURRENCE CRAWLING
RECURRENCE CRAWLING
RECURRENCE CRAWLING
RECURRENCE CRAWLING
RECURRENCE CRAWLING
RECURRENCE CRAWLING
RECURRENCE CRAWLING
RECURRENCE CRAWLING
RECURRENCE CRAWLING
RECURRENCE CRAWLING
RECURRENCE CRAWLING
RECURRENCE CRAWLING
RECURRENCE CRAWLING
RECURRENCE CRAWLING
RECURRENCE CRAWLING
RECURRENCE CRAWLING
RECURRENCE CRAWLING
RECURRENCE CRAWLING
RECURRENCE CRAWLING
RECURRENCE CRAWLING
RECURRENCE CRAWLING
RECURRENCE CRAWLING
RECURRENCE CRAWLING
RECURRENCE CRAWLING
RECURRENCE CRAWLING
RECURRENCE CRAWLING
RECURRENCE CRAWLING
RECURRENCE CRAWLING
RECURRENCE CRAWLING
RECURRENCE CRAWLING
RECURRENCE CRAWLING
RECURRENCE CRAWLING
RECURRENCE CRAWLING
RECURRENCE CRAWLING
RECURRENCE CRAWLING
RECURRENCE CRAWLING
RECURRENCE CRAWLING
RECURRENCE CRAWLING
RECURRENCE CRAWLING
RECURRENCE CRAWLING
RECURRENCE CRAWLING
RECURRENCE CRAWLING
RECURRENCE CRAWLING
RECURRENCE CRAWLING
RECURRENCE CRAWLING
RECURRENCE CRAWLING
RECURRENCE CRAWLING
RECURRENCE CRAWLING
RECURRENCE CRAWLING
RECURRENCE CRAWLING
RECURRENCE CRAWLING
RECURRENCE CRAWLING
RECURRENCE CRAWLING
RECURRENCE CRAWLING
RECURRENCE CRAWLING
RECURRENCE CRAWLING
RECURRENCE CRAWLING
RECURRENCE CRAWLING
RECURRENCE CRAWLING
RECURRENCE CRAWLING
RECURRENCE CRAWLING
RECURRENCE CRAWLING
RECURRENCE CRAWLING
RECURRENCE CRAWLING
RECURRENCE CRAWLING
RECURRENCE CRAWLING
RECURRENCE CRAWLING
RECURRENCE CRAWLING
RECURRENCE CRAWLING
RECURRENCE CRAWLING
RECURRENCE CRAWLING
RECURRENCE CRAWLING
RECURRENCE CRAWLING
RECURRENCE CRAWLING
RECURRENCE CRAWLING
RECURRENCE CRAWLING
RECURRENCE CRAWLING
RECURRENCE CRAWLING
RECURRENCE CRAWLING
RECURRENCE CRAWLING
RECURRENCE CRAWLING
RECURRENCE CRAWLING
RECURRENCE CRAWLING
RECURRENCE CRAWLING
RECURRENCE CRAWLING
RECURRENCE CRAWLING
RECURRENCE CRAWLING
RECURRENCE CRAWLING
RECURRENCE CRAWLING
RECURRENCE CRAWLING
RECURRENCE CRAWLING
RECURRENCE CRAWLING
RECURRENCE CRAWLING
RECURRENCE CRAWLING
RECURRENCE CRAWLING
RECURRENCE CRAWLING
RECURRENCE CRAWLING
RECURRENCE CRAWLING
RECURRENCE CRAWLING
RECURRENCE CRAWLING
RECURRENCE CRAWLING
RECURRENCE CRAWLING
RECURRENCE CRAWLING
RECURRENCE CRAWLING
RECURRENCE CRAWLING
RECURRENCE CRAWLING
RECURRENCE CRAWLING
RECURRENCE CRAWLING
RECURRENCE CRAWLING
RECURRENCE CRAWLING
RECURRENCE CRAWLING
RECURRENCE CRAWLING
RECURRENCE CRAWLING
RECURRENCE CRAWLING
RECURRENCE CRAWLING
RECURRENCE CRAWLING
RECURRENCE CRAWLING
RECURRENCE CRAWLING
RECURRENCE CRAWLING
RECURRENCE CRAWLING
RECURRENCE CRAWLING
RECURRENCE CRAWLING
RECURRENCE CRAWLING
RECURRENCE CRAWLING
RECURRENCE CRAWLING
RECURRENCE CRAWLING
RECURRENCE CRAWLING
RECURRENCE CRAWLING
RECURRENCE CRAWLING
RECURRENCE CRAWLING
RECURRENCE CRAWLING
RECURRENCE CRAWLING
RECURRENCE CRAWLING
RECURRENCE CRAWLING
RECURRENCE CRAWLING
RECURRENCE CRAWLING
RECURRENCE CRAWLING
RECURRENCE CRAWLING
RECURRENCE CRAWLING
RECURRENCE CRAWLING
RECURRENCE CRAWLING
RECURRENCE CRAWLING
RECURRENCE CRAWLING
RECURRENCE CRAWLING
RECURRENCE CRAWLING
RECURRENCE CRAWLING
RECURRENCE CRAWLING
RECURRENCE CRAWLING
RECURRENCE CRAWLING
RECURRENCE CRAWLING
RECURRENCE CRAWLING
RECURRENCE CRAWLING
RECURRENCE CRAWLING
RECURRENCE CRAWLING
RECURRENCE CRAWLING
RECURRENCE CRAWLING
RECURRENCE CRAWLING
RECURRENCE CRAWLING
RECURRENCE CRAWLING
RECURRENCE CRAWLING
RECURRENCE CRAWLING
RECURRENCE CRAWLING
[31m[nodemon] app crashed - waiting for file changes before starting...[39m
[32m[nodemon] restarting due to changes...[39m
[32m[nodemon] starting `node /home/changhyun/project/semo-crawler/index.js`[39m
[32m[nodemon] restarting due to changes...[39m
[32m[nodemon] starting `node /home/changhyun/project/semo-crawler/index.js`[39m
